#
# There is insufficient memory for the Java Runtime Environment to continue.
# Native memory allocation (mmap) failed to map 67108864 bytes for Failed to commit area from 0x00000000c1600000 to 0x00000000c5600000 of length 67108864.
# Possible reasons:
#   The system is out of physical RAM or swap space
#   The process is running with CompressedOops enabled, and the Java Heap may be blocking the growth of the native heap
# Possible solutions:
#   Reduce memory load on the system
#   Increase physical memory or swap space
#   Check if swap backing store is full
#   Decrease Java heap size (-Xmx/-Xms)
#   Decrease number of Java threads
#   Decrease Java thread stack sizes (-Xss)
#   Set larger code cache with -XX:ReservedCodeCacheSize=
# This output file may be truncated or incomplete.
#
#  Out of Memory Error (./open/src/hotspot/os/windows/os_windows.cpp:3275), pid=11100, tid=4844
#
# JRE version:  (11.0.9+7) (build )
# Java VM: Java HotSpot(TM) 64-Bit Server VM (11.0.9+7-LTS, mixed mode, sharing, tiered, compressed oops, g1 gc, windows-amd64)
# No core dump will be written. Minidumps are not enabled by default on client versions of Windows
#

---------------  S U M M A R Y ------------

Command Line: -ea -Dfile.encoding=UTF-8 org.eclipse.jdt.internal.junit.runner.RemoteTestRunner -version 3 -port 53991 -testLoaderClass org.eclipse.jdt.internal.junit5.runner.JUnit5TestLoader -loaderpluginname org.eclipse.jdt.junit5.runtime -test paginainicial.PaginaInicialTeste:testPesquisarProduto

Host: Intel(R) Core(TM) i5-5200U CPU @ 2.20GHz, 4 cores, 3G,  Windows 8.1 , 64 bit Build 9600 (6.3.9600.19994)
Time: Thu Apr 29 19:37:29 2021 Hora oficial do Brasil elapsed time: 0.105342 seconds (0d 0h 0m 0s)

---------------  T H R E A D  ---------------

Current thread (0x000000f3f6711000):  JavaThread "Unknown thread" [_thread_in_vm, id=4844, stack(0x000000f3f4630000,0x000000f3f4730000)]

Stack: [0x000000f3f4630000,0x000000f3f4730000]
Native frames: (J=compiled Java code, j=interpreted, Vv=VM code, C=native code)
V  [jvm.dll+0x611a3a]
V  [jvm.dll+0x748aaf]
V  [jvm.dll+0x74a135]
V  [jvm.dll+0x74a7b3]
V  [jvm.dll+0x2439f8]
V  [jvm.dll+0x60eeda]
V  [jvm.dll+0x603de5]
V  [jvm.dll+0x2f785c]
V  [jvm.dll+0x2f76e2]
V  [jvm.dll+0x2fc396]
V  [jvm.dll+0x33e1df]
V  [jvm.dll+0x33dc10]
V  [jvm.dll+0x2d5aa8]
V  [jvm.dll+0x2d6c06]
V  [jvm.dll+0x724927]
V  [jvm.dll+0x7261cf]
V  [jvm.dll+0x34af59]
V  [jvm.dll+0x70a4a0]
V  [jvm.dll+0x3b415f]
V  [jvm.dll+0x3b6201]
C  [jli.dll+0x520b]
C  [ucrtbase.DLL+0x1d912]
C  [KERNEL32.DLL+0x13f2]
C  [ntdll.dll+0x154f4]


---------------  P R O C E S S  ---------------

Threads class SMR info:
_java_thread_list=0x000000f3f44be4e0, length=0, elements={
}

Java Threads: ( => current thread )

Other Threads:
  0x000000f3f6727800 GCTaskThread "GC Thread#0" [stack: 0x000000f3f60a0000,0x000000f3f61a0000] [id=4896]
  0x000000f3f6745800 ConcurrentGCThread "G1 Main Marker" [stack: 0x000000f3ff160000,0x000000f3ff260000] [id=9384]
  0x000000f3f674c000 ConcurrentGCThread "G1 Conc#0" [stack: 0x000000f3ff260000,0x000000f3ff360000] [id=10876]

[error occurred during error reporting (printing all threads), id 0xc0000005, EXCEPTION_ACCESS_VIOLATION (0xc0000005) at pc=0x00007ffa705842a7]

VM state:not at safepoint (not fully initialized)

VM Mutex/Monitor currently owned by a thread:  ([mutex/lock_event])
[0x000000f3f670cfa0] Heap_lock - owner thread: 0x000000f3f6711000

Heap address: 0x00000000c1600000, size: 1002 MB, Compressed Oops mode: Non-zero based: 0x00000000c1600000
Narrow klass base: 0x0000000000000000, Narrow klass shift: 0

GC Heap History (0 events):
No events

Deoptimization events (0 events):
No events

Classes redefined (0 events):
No events

Internal exceptions (0 events):
No events

Events (0 events):
No events


Dynamic libraries:
0x00007ff71ca50000 - 0x00007ff71ca5f000 	C:\Program Files\Java\jdk-11.0.9\bin\javaw.exe
0x00007ffa98960000 - 0x00007ffa98b0d000 	C:\WINDOWS\SYSTEM32\ntdll.dll
0x00007ffa96680000 - 0x00007ffa967bf000 	C:\WINDOWS\system32\KERNEL32.DLL
0x00007ffa95ec0000 - 0x00007ffa95fd5000 	C:\WINDOWS\system32\KERNELBASE.dll
0x00007ffa877f0000 - 0x00007ffa87808000 	C:\Program Files\Java\jdk-11.0.9\bin\jli.dll
0x00007ffa87580000 - 0x00007ffa87595000 	C:\Program Files\Java\jdk-11.0.9\bin\VCRUNTIME140.dll
0x00007ffa87570000 - 0x00007ffa87574000 	C:\Program Files\Java\jdk-11.0.9\bin\api-ms-win-crt-stdio-l1-1-0.dll
0x00007ffa87560000 - 0x00007ffa87564000 	C:\Program Files\Java\jdk-11.0.9\bin\api-ms-win-crt-runtime-l1-1-0.dll
0x00007ffa87550000 - 0x00007ffa87553000 	C:\Program Files\Java\jdk-11.0.9\bin\api-ms-win-crt-environment-l1-1-0.dll
0x00007ffa87540000 - 0x00007ffa87545000 	C:\Program Files\Java\jdk-11.0.9\bin\api-ms-win-crt-math-l1-1-0.dll
0x00007ffa87530000 - 0x00007ffa87533000 	C:\Program Files\Java\jdk-11.0.9\bin\api-ms-win-crt-locale-l1-1-0.dll
0x00007ffa87480000 - 0x00007ffa87483000 	C:\Program Files\Java\jdk-11.0.9\bin\api-ms-win-crt-heap-l1-1-0.dll
0x00007ffa96db0000 - 0x00007ffa96e5a000 	C:\WINDOWS\system32\ADVAPI32.dll
0x00007ffa93840000 - 0x00007ffa93abb000 	C:\WINDOWS\WinSxS\amd64_microsoft.windows.common-controls_6595b64144ccf1df_6.0.9600.19394_none_62486577ecb635cf\COMCTL32.dll
0x00007ffa962d0000 - 0x00007ffa96447000 	C:\WINDOWS\system32\USER32.dll
0x00007ffa8dc20000 - 0x00007ffa8dc2a000 	C:\WINDOWS\SYSTEM32\VERSION.dll
0x00007ffa87470000 - 0x00007ffa87473000 	C:\Program Files\Java\jdk-11.0.9\bin\api-ms-win-crt-filesystem-l1-1-0.dll
0x00007ffa87390000 - 0x00007ffa87394000 	C:\Program Files\Java\jdk-11.0.9\bin\api-ms-win-crt-string-l1-1-0.dll
0x00007ffa87380000 - 0x00007ffa87384000 	C:\Program Files\Java\jdk-11.0.9\bin\api-ms-win-crt-convert-l1-1-0.dll
0x00007ffa98390000 - 0x00007ffa9843a000 	C:\WINDOWS\system32\msvcrt.dll
0x00007ffa98890000 - 0x00007ffa988e8000 	C:\WINDOWS\SYSTEM32\sechost.dll
0x00007ffa96470000 - 0x00007ffa965aa000 	C:\WINDOWS\system32\RPCRT4.dll
0x00007ffa98510000 - 0x00007ffa9865e000 	C:\WINDOWS\system32\GDI32.dll
0x00007ffa7c4a0000 - 0x00007ffa7c59a000 	C:\Program Files\Java\jdk-11.0.9\bin\ucrtbase.DLL
0x00007ffa95c50000 - 0x00007ffa95c7e000 	C:\WINDOWS\system32\SspiCli.dll
0x00007ffa96d70000 - 0x00007ffa96da6000 	C:\WINDOWS\system32\IMM32.DLL
0x00007ffa96890000 - 0x00007ffa969e1000 	C:\WINDOWS\system32\MSCTF.dll
0x00007ffa7b270000 - 0x00007ffa7b30b000 	C:\Program Files\Java\jdk-11.0.9\bin\msvcp140.dll
0x00007ffa87370000 - 0x00007ffa87373000 	C:\Program Files\Java\jdk-11.0.9\bin\api-ms-win-crt-time-l1-1-0.dll
0x00007ffa87360000 - 0x00007ffa87363000 	C:\Program Files\Java\jdk-11.0.9\bin\api-ms-win-crt-utility-l1-1-0.dll
0x00007ffa702a0000 - 0x00007ffa70d97000 	C:\Program Files\Java\jdk-11.0.9\bin\server\jvm.dll
0x00007ffa8d6c0000 - 0x00007ffa8d6c9000 	C:\WINDOWS\SYSTEM32\WSOCK32.dll
0x00007ffa89760000 - 0x00007ffa89782000 	C:\WINDOWS\SYSTEM32\WINMM.dll
0x00007ffa962c0000 - 0x00007ffa962c7000 	C:\WINDOWS\system32\PSAPI.DLL
0x00007ffa98660000 - 0x00007ffa986ba000 	C:\WINDOWS\system32\WS2_32.dll
0x00007ffa88fd0000 - 0x00007ffa88ffa000 	C:\WINDOWS\SYSTEM32\WINMMBASE.dll
0x00007ffa96880000 - 0x00007ffa96889000 	C:\WINDOWS\system32\NSI.dll
0x00007ffa95c00000 - 0x00007ffa95c4f000 	C:\WINDOWS\SYSTEM32\cfgmgr32.dll
0x00007ffa948b0000 - 0x00007ffa948d8000 	C:\WINDOWS\SYSTEM32\DEVOBJ.dll
0x00007ffa85540000 - 0x00007ffa85550000 	C:\Program Files\Java\jdk-11.0.9\bin\verify.dll
0x00007ffa8e1e0000 - 0x00007ffa8e369000 	C:\WINDOWS\SYSTEM32\DBGHELP.DLL
0x00007ffa84eb0000 - 0x00007ffa84ed8000 	C:\Program Files\Java\jdk-11.0.9\bin\java.dll
0x00007ffa85530000 - 0x00007ffa8553a000 	C:\Program Files\Java\jdk-11.0.9\bin\jimage.dll
0x00007ffa85240000 - 0x00007ffa85256000 	C:\Program Files\Java\jdk-11.0.9\bin\zip.dll

dbghelp: loaded successfully - version: 4.0.5 - missing functions: none
symbol engine: initialized successfully - sym options: 0x614 - pdb path: .;C:\Program Files\Java\jdk-11.0.9\bin;C:\WINDOWS\SYSTEM32;C:\WINDOWS\WinSxS\amd64_microsoft.windows.common-controls_6595b64144ccf1df_6.0.9600.19394_none_62486577ecb635cf;C:\Program Files\Java\jdk-11.0.9\bin\server

VM Arguments:
jvm_args: -ea -Dfile.encoding=UTF-8 
java_command: org.eclipse.jdt.internal.junit.runner.RemoteTestRunner -version 3 -port 53991 -testLoaderClass org.eclipse.jdt.internal.junit5.runner.JUnit5TestLoader -loaderpluginname org.eclipse.jdt.junit5.runtime -test paginainicial.PaginaInicialTeste:testPesquisarProduto
java_class_path (initial): C:\Users\Andressa\Andressa\Automação Teste\QA_ITAU\loja_petz\target\test-classes;C:\Users\Andressa\Andressa\Automação Teste\QA_ITAU\loja_petz\target\classes;C:\Users\Andressa\.m2\repository\org\junit\jupiter\junit-jupiter\5.7.0\junit-jupiter-5.7.0.jar;C:\Users\Andressa\.m2\repository\org\junit\jupiter\junit-jupiter-api\5.7.0\junit-jupiter-api-5.7.0.jar;C:\Users\Andressa\.m2\repository\org\apiguardian\apiguardian-api\1.1.0\apiguardian-api-1.1.0.jar;C:\Users\Andressa\.m2\repository\org\opentest4j\opentest4j\1.2.0\opentest4j-1.2.0.jar;C:\Users\Andressa\.m2\repository\org\junit\platform\junit-platform-commons\1.7.0\junit-platform-commons-1.7.0.jar;C:\Users\Andressa\.m2\repository\org\junit\jupiter\junit-jupiter-params\5.7.0\junit-jupiter-params-5.7.0.jar;C:\Users\Andressa\.m2\repository\org\junit\jupiter\junit-jupiter-engine\5.7.0\junit-jupiter-engine-5.7.0.jar;C:\Users\Andressa\.m2\repository\org\junit\platform\junit-platform-engine\1.7.0\junit-platform-engine-1.7.0.jar;C:\Users\Andressa\.m2\repository\org\seleniumhq\selenium\selenium-java\3.141.59\selenium-java-3.141.59.jar;C:\Users\Andressa\.m2\repository\org\seleniumhq\selenium\selenium-api\3.141.59\selenium-api-3.141.59.jar;C:\Users\Andressa\.m2\repository\org\seleniumhq\selenium\selenium-chrome-driver\3.141.59\selenium-chrome-driver-3.141.59.jar;C:\Users\Andressa\.m2\repository\org\seleniumhq\selenium\selenium-edge-driver\3.141.59\selenium-edge-driver-3.141.59.jar;C:\Users\Andressa\.m2\repository\org\seleniumhq\selenium\selenium-firefox-driver\3.141.59\selenium-firefox-driver-3.141.59.jar;C:\Users\Andressa\.m2\repository\org\seleniumhq\selenium\selenium-ie-driver\3.141.59\selenium-ie-driver-3.141.59.jar;C:\Users\Andressa\.m2\repository\org\seleniumhq\selenium\selenium-opera-driver\3.141.59\selenium-opera-driver-3.141.59.jar;C:\Users\Andressa\.m2\repository\org\seleniumhq\selenium\selenium-remote-driver\3.141.59\selenium-remote-driver-3.141.59.jar;C:\Users\Andressa\.m2\repository\org\se
Launcher Type: SUN_STANDARD

[Global flags]
     intx CICompilerCount                          = 3                                         {product} {ergonomic}
     uint ConcGCThreads                            = 1                                         {product} {ergonomic}
     uint G1ConcRefinementThreads                  = 4                                         {product} {ergonomic}
   size_t G1HeapRegionSize                         = 1048576                                   {product} {ergonomic}
    uintx GCDrainStackTargetSize                   = 64                                        {product} {ergonomic}
   size_t InitialHeapSize                          = 67108864                                  {product} {ergonomic}
   size_t MarkStackSize                            = 4194304                                   {product} {ergonomic}
   size_t MaxHeapSize                              = 1050673152                                {product} {ergonomic}
   size_t MinHeapDeltaBytes                        = 1048576                                   {product} {ergonomic}
    uintx NonNMethodCodeHeapSize                   = 5830732                                {pd product} {ergonomic}
    uintx NonProfiledCodeHeapSize                  = 122913754                              {pd product} {ergonomic}
    uintx ProfiledCodeHeapSize                     = 122913754                              {pd product} {ergonomic}
    uintx ReservedCodeCacheSize                    = 251658240                              {pd product} {ergonomic}
     bool SegmentedCodeCache                       = true                                      {product} {ergonomic}
     bool UseCompressedClassPointers               = true                                 {lp64_product} {ergonomic}
     bool UseCompressedOops                        = true                                 {lp64_product} {ergonomic}
     bool UseG1GC                                  = true                                      {product} {ergonomic}
     bool UseLargePagesIndividualAllocation        = false                                  {pd product} {ergonomic}

Logging:
Log output configuration:
 #0: stdout all=warning uptime,level,tags
 #1: stderr all=off uptime,level,tags

Environment Variables:
PATH=C:\Python3\Scripts\;C:\Python3\;C:\Program Files\Common Files\Oracle\Java\javapath;C:\Program Files (x86)\Intel\iCLS Client\;C:\Program Files\Intel\iCLS Client\;C:\WINDOWS\system32;C:\WINDOWS;C:\WINDOWS\System32\Wbem;C:\WINDOWS\System32\WindowsPowerShell\v1.0\;C:\Program Files\Intel\Intel(R) Management Engine Components\DAL;C:\Program Files (x86)\Intel\Intel(R) Management Engine Components\DAL;C:\Program Files\Intel\Intel(R) Management Engine Components\IPT;C:\Program Files (x86)\Intel\Intel(R) Management Engine Components\IPT;C:\Program Files\Git\cmd;C:\Program Files\nodejs\;C:\Ruby25-x64\bin;C:\Users\Andressa\AppData\Local\Programs\Microsoft VS Code\bin;C:\Users\Andressa\AppData\Roaming\npm
USERNAME=Andressa
OS=Windows_NT
PROCESSOR_IDENTIFIER=Intel64 Family 6 Model 61 Stepping 4, GenuineIntel



---------------  S Y S T E M  ---------------

OS: Windows 8.1 , 64 bit Build 9600 (6.3.9600.19994)

CPU:total 4 (initial active 4) (2 cores per cpu, 2 threads per core) family 6 model 61 stepping 4, cmov, cx8, fxsr, mmx, sse, sse2, sse3, ssse3, sse4.1, sse4.2, popcnt, avx, avx2, aes, clmul, erms, 3dnowpref, lzcnt, ht, tsc, tscinvbit, bmi1, bmi2, adx, fma

Memory: 4k page, system-wide physical 4007M (849M free)
TotalPageFile size 4039M (AvailPageFile size 67M)
current process WorkingSet (physical memory assigned to process): 9M, peak: 9M
current process commit charge ("private bytes"): 51M, peak: 115M

vm_info: Java HotSpot(TM) 64-Bit Server VM (11.0.9+7-LTS) for windows-amd64 JRE (11.0.9+7-LTS), built on Sep 15 2020 16:47:03 by "mach5one" with MS VC++ 15.9 (VS2017)

END.
